Processing video No. 1: videos/test/ocw_11165_lecture04_2022sep16_360p_16_9.mp4
Processing video No. 1: videos/test/ocw_11165_lecture04_2022sep16_360p_16_9.mp4
Processing video No. 1: videos/test/ocw_11165_lecture03_2022sep14_360p_16_9.mp4
Processing video No. 1: videos/test/lec03.mp4
Processing video No. 1: videos/test/lec03.mp4
Processing video No. 1: videos/test/lec03.mp4
Pair: [27 29]
0:Hard transition, 1:grad transition, 2:slide, 3:video: [0 0 0]
0:Transition, 1:slide, 2:video: [0 0 0]
Pair: [48 49]
0:Hard transition, 1:grad transition, 2:slide, 3:video: [0]
0:Transition, 1:slide, 2:video: [0]
Pair: [69 72]
0:Hard transition, 1:grad transition, 2:slide, 3:video: [0 0 0]
0:Transition, 1:slide, 2:video: [0 2 0]
Pair: [88 89]
0:Hard transition, 1:grad transition, 2:slide, 3:video: [0]
0:Transition, 1:slide, 2:video: [0]
Pair: [109 113]
0:Hard transition, 1:grad transition, 2:slide, 3:video: [3 0 3]
0:Transition, 1:slide, 2:video: [2 0 2]
Pair: [160 161]
0:Hard transition, 1:grad transition, 2:slide, 3:video: [0]
0:Transition, 1:slide, 2:video: [0]
Pair: [275 279]
0:Hard transition, 1:grad transition, 2:slide, 3:video: [3 0 3]
0:Transition, 1:slide, 2:video: [2 0 2]
Pair: [306 307]
0:Hard transition, 1:grad transition, 2:slide, 3:video: [0]
0:Transition, 1:slide, 2:video: [0]
Pair: [359 362]
0:Hard transition, 1:grad transition, 2:slide, 3:video: [0 3 0]
0:Transition, 1:slide, 2:video: [0 2 0]
Pair: [624 625]
0:Hard transition, 1:grad transition, 2:slide, 3:video: [2]
0:Transition, 1:slide, 2:video: [2]
Pair: [24 25]
0:Hard transition, 1:grad transition, 2:slide, 3:video: [0]
0:Transition, 1:slide, 2:video: [0]
Pair: [55 57]
0:Hard transition, 1:grad transition, 2:slide, 3:video: [3 0 3]
0:Transition, 1:slide, 2:video: [2 0 2]
Pair: [138 140]
0:Hard transition, 1:grad transition, 2:slide, 3:video: [3 0 3]
0:Transition, 1:slide, 2:video: [2 0 2]
Pair: [180 182]
0:Hard transition, 1:grad transition, 2:slide, 3:video: [0 0 0]
0:Transition, 1:slide, 2:video: [0 0 0]
Pair: [25 27]
0:Hard transition, 1:grad transition, 2:slide, 3:video: [0 0 0]
0:Transition, 1:slide, 2:video: [0 0 0]
Pair: [71 83]
0:Hard transition, 1:grad transition, 2:slide, 3:video: [0 3 3 0]
0:Transition, 1:slide, 2:video: [0 2 2 0]
Pair: [124 125]
0:Hard transition, 1:grad transition, 2:slide, 3:video: [0]
0:Transition, 1:slide, 2:video: [0]
Pair: [136 137]
0:Hard transition, 1:grad transition, 2:slide, 3:video: [0]
0:Transition, 1:slide, 2:video: [0]
Pair: [159 160]
0:Hard transition, 1:grad transition, 2:slide, 3:video: [0]
0:Transition, 1:slide, 2:video: [0]
Pair: [191 192]
0:Hard transition, 1:grad transition, 2:slide, 3:video: [0]
0:Transition, 1:slide, 2:video: [0]
Pair: [219 220]
0:Hard transition, 1:grad transition, 2:slide, 3:video: [0]
0:Transition, 1:slide, 2:video: [0]
Pair: [259 260]
0:Hard transition, 1:grad transition, 2:slide, 3:video: [0]
0:Transition, 1:slide, 2:video: [0]
Pair: [379 380]
0:Hard transition, 1:grad transition, 2:slide, 3:video: [0]
0:Transition, 1:slide, 2:video: [0]
Pair: [413 414]
0:Hard transition, 1:grad transition, 2:slide, 3:video: [0]
0:Transition, 1:slide, 2:video: [0]
Pair: [489 490]
0:Hard transition, 1:grad transition, 2:slide, 3:video: [0]
0:Transition, 1:slide, 2:video: [0]
Pair: [504 505]
0:Hard transition, 1:grad transition, 2:slide, 3:video: [0]
0:Transition, 1:slide, 2:video: [0]
Pair: [644 657]
0:Hard transition, 1:grad transition, 2:slide, 3:video: [0 3 0 3]
0:Transition, 1:slide, 2:video: [0 2 2 2]
Pair: [671 682]
0:Hard transition, 1:grad transition, 2:slide, 3:video: [0 3]
0:Transition, 1:slide, 2:video: [0 2]
Pair: [20 22]
0:Hard transition, 1:grad transition, 2:slide, 3:video: [0 0 0]
0:Transition, 1:slide, 2:video: [0 0 0]
Pair: [47 48]
0:Hard transition, 1:grad transition, 2:slide, 3:video: [0]
0:Transition, 1:slide, 2:video: [0]
Pair: [60 61]
0:Hard transition, 1:grad transition, 2:slide, 3:video: [0]
0:Transition, 1:slide, 2:video: [0]
Pair: [69 70]
0:Hard transition, 1:grad transition, 2:slide, 3:video: [0]
0:Transition, 1:slide, 2:video: [2]
Pair: [149 160]
0:Hard transition, 1:grad transition, 2:slide, 3:video: [0 2 0]
0:Transition, 1:slide, 2:video: [0 2 0]
Pair: [177 178]
0:Hard transition, 1:grad transition, 2:slide, 3:video: [0]
0:Transition, 1:slide, 2:video: [0]
Pair: [189 191]
0:Hard transition, 1:grad transition, 2:slide, 3:video: [0 0 1]
0:Transition, 1:slide, 2:video: [2 0 2]
Pair: [226 227]
0:Hard transition, 1:grad transition, 2:slide, 3:video: [0]
0:Transition, 1:slide, 2:video: [0]
Pair: [284 285]
0:Hard transition, 1:grad transition, 2:slide, 3:video: [0]
0:Transition, 1:slide, 2:video: [0]
Pair: [311 312]
0:Hard transition, 1:grad transition, 2:slide, 3:video: [0]
0:Transition, 1:slide, 2:video: [0]
Pair: [334 335]
0:Hard transition, 1:grad transition, 2:slide, 3:video: [0]
0:Transition, 1:slide, 2:video: [0]
Pair: [14 15]
0:Hard transition, 1:grad transition, 2:slide, 3:video: [0]
0:Transition, 1:slide, 2:video: [0]
Pair: [24 37]
0:Hard transition, 1:grad transition, 2:slide, 3:video: [0 2 3 0]
0:Transition, 1:slide, 2:video: [0 2 2 0]
Pair: [44 57]
0:Hard transition, 1:grad transition, 2:slide, 3:video: [0 2 3 3]
0:Transition, 1:slide, 2:video: [0 2 0 2]
Pair: [80 81]
0:Hard transition, 1:grad transition, 2:slide, 3:video: [0]
0:Transition, 1:slide, 2:video: [0]
Pair: [138 140]
0:Hard transition, 1:grad transition, 2:slide, 3:video: [3 0 3]
0:Transition, 1:slide, 2:video: [2 0 2]
Pair: [153 154]
0:Hard transition, 1:grad transition, 2:slide, 3:video: [0]
0:Transition, 1:slide, 2:video: [0]
Pair: [180 182]
0:Hard transition, 1:grad transition, 2:slide, 3:video: [0 0 0]
0:Transition, 1:slide, 2:video: [0 0 0]
Pair: [14 15]
0:Hard transition, 1:grad transition, 2:slide, 3:video: [0]
0:Transition, 1:slide, 2:video: [0]
Pair: [24 37]
0:Hard transition, 1:grad transition, 2:slide, 3:video: [0 2 3 0]
0:Transition, 1:slide, 2:video: [0 2 2 0]
Pair: [44 57]
0:Hard transition, 1:grad transition, 2:slide, 3:video: [0 2 3 3]
0:Transition, 1:slide, 2:video: [0 2 0 2]
Pair: [80 81]
0:Hard transition, 1:grad transition, 2:slide, 3:video: [0]
0:Transition, 1:slide, 2:video: [0]
Pair: [138 140]
0:Hard transition, 1:grad transition, 2:slide, 3:video: [3 0 3]
0:Transition, 1:slide, 2:video: [2 0 2]
Pair: [153 154]
0:Hard transition, 1:grad transition, 2:slide, 3:video: [0]
0:Transition, 1:slide, 2:video: [0]
Pair: [180 182]
0:Hard transition, 1:grad transition, 2:slide, 3:video: [0 0 0]
0:Transition, 1:slide, 2:video: [0 0 0]
Pair: [486 487]
0:Hard transition, 1:grad transition, 2:slide, 3:video: [0]
0:Transition, 1:slide, 2:video: [0]
Pair: [503 505]
0:Hard transition, 1:grad transition, 2:slide, 3:video: [0 0 0]
0:Transition, 1:slide, 2:video: [0 0 0]
Pair: [530 531]
0:Hard transition, 1:grad transition, 2:slide, 3:video: [0]
0:Transition, 1:slide, 2:video: [0]
Pair: [543 544]
0:Hard transition, 1:grad transition, 2:slide, 3:video: [0]
0:Transition, 1:slide, 2:video: [0]
Pair: [552 553]
0:Hard transition, 1:grad transition, 2:slide, 3:video: [0]
0:Transition, 1:slide, 2:video: [2]
Pair: [632 643]
0:Hard transition, 1:grad transition, 2:slide, 3:video: [0 2 0]
0:Transition, 1:slide, 2:video: [0 2 0]
Pair: [660 661]
0:Hard transition, 1:grad transition, 2:slide, 3:video: [0]
0:Transition, 1:slide, 2:video: [0]
Pair: [672 674]
0:Hard transition, 1:grad transition, 2:slide, 3:video: [0 0 1]
0:Transition, 1:slide, 2:video: [2 0 2]
Pair: [710 711]
0:Hard transition, 1:grad transition, 2:slide, 3:video: [0]
0:Transition, 1:slide, 2:video: [0]
Pair: [768 769]
0:Hard transition, 1:grad transition, 2:slide, 3:video: [0]
0:Transition, 1:slide, 2:video: [0]
Pair: [794 795]
0:Hard transition, 1:grad transition, 2:slide, 3:video: [0]
0:Transition, 1:slide, 2:video: [0]
Pair: [817 818]
0:Hard transition, 1:grad transition, 2:slide, 3:video: [0]
0:Transition, 1:slide, 2:video: [0]
Pair: [841 854]
0:Hard transition, 1:grad transition, 2:slide, 3:video: [0 2 3 0]
0:Transition, 1:slide, 2:video: [0 2 2 0]
Pair: [887 888]
0:Hard transition, 1:grad transition, 2:slide, 3:video: [0]
0:Transition, 1:slide, 2:video: [0]
Pair: [912 913]
0:Hard transition, 1:grad transition, 2:slide, 3:video: [0]
0:Transition, 1:slide, 2:video: [0]
Pair: [958 970]
0:Hard transition, 1:grad transition, 2:slide, 3:video: [0 3 3 0]
0:Transition, 1:slide, 2:video: [0 2 2 0]
Pair: [1011 1023]
0:Hard transition, 1:grad transition, 2:slide, 3:video: [0 3 1 0]
0:Transition, 1:slide, 2:video: [0 2 2 0]
Pair: [1046 1047]
0:Hard transition, 1:grad transition, 2:slide, 3:video: [0]
0:Transition, 1:slide, 2:video: [0]
Pair: [1078 1079]
0:Hard transition, 1:grad transition, 2:slide, 3:video: [0]
0:Transition, 1:slide, 2:video: [0]
Pair: [1106 1107]
0:Hard transition, 1:grad transition, 2:slide, 3:video: [0]
0:Transition, 1:slide, 2:video: [0]
Pair: [1145 1146]
0:Hard transition, 1:grad transition, 2:slide, 3:video: [0]
0:Transition, 1:slide, 2:video: [0]
Pair: [1265 1266]
0:Hard transition, 1:grad transition, 2:slide, 3:video: [0]
0:Transition, 1:slide, 2:video: [0]
Pair: [1299 1300]
0:Hard transition, 1:grad transition, 2:slide, 3:video: [0]
0:Transition, 1:slide, 2:video: [0]
Pair: [1376 1377]
0:Hard transition, 1:grad transition, 2:slide, 3:video: [0]
0:Transition, 1:slide, 2:video: [0]
Pair: [1390 1391]
0:Hard transition, 1:grad transition, 2:slide, 3:video: [0]
0:Transition, 1:slide, 2:video: [0]
Pair: [1531 1543]
0:Hard transition, 1:grad transition, 2:slide, 3:video: [0 3 0 0]
0:Transition, 1:slide, 2:video: [0 2 2 2]
Pair: [1557 1569]
0:Hard transition, 1:grad transition, 2:slide, 3:video: [0 2 0 1]
0:Transition, 1:slide, 2:video: [0 2 2 2]
Pair: [25 26]
0:Hard transition, 1:grad transition, 2:slide, 3:video: [0]
0:Transition, 1:slide, 2:video: [2]
Pair: [29 30]
0:Hard transition, 1:grad transition, 2:slide, 3:video: [0]
0:Transition, 1:slide, 2:video: [0]
Pair: [60 63]
0:Hard transition, 1:grad transition, 2:slide, 3:video: [0 0 3]
0:Transition, 1:slide, 2:video: [2 2 2]
Pair: [75 87]
0:Hard transition, 1:grad transition, 2:slide, 3:video: [0 3 3 0]
0:Transition, 1:slide, 2:video: [0 2 2 2]
Pair: [98 99]
0:Hard transition, 1:grad transition, 2:slide, 3:video: [0]
0:Transition, 1:slide, 2:video: [0]
Pair: [121 122]
0:Hard transition, 1:grad transition, 2:slide, 3:video: [0]
0:Transition, 1:slide, 2:video: [2]
Pair: [146 147]
0:Hard transition, 1:grad transition, 2:slide, 3:video: [0]
0:Transition, 1:slide, 2:video: [0]
Pair: [164 165]
0:Hard transition, 1:grad transition, 2:slide, 3:video: [0]
0:Transition, 1:slide, 2:video: [2]
Pair: [203 204]
0:Hard transition, 1:grad transition, 2:slide, 3:video: [0]
0:Transition, 1:slide, 2:video: [0]
Pair: [217 218]
0:Hard transition, 1:grad transition, 2:slide, 3:video: [0]
0:Transition, 1:slide, 2:video: [2]
Pair: [230 231]
0:Hard transition, 1:grad transition, 2:slide, 3:video: [0]
0:Transition, 1:slide, 2:video: [0]
Pair: [250 251]
0:Hard transition, 1:grad transition, 2:slide, 3:video: [0]
0:Transition, 1:slide, 2:video: [2]
Pair: [278 284]
0:Hard transition, 1:grad transition, 2:slide, 3:video: [0 0 0]
0:Transition, 1:slide, 2:video: [2 0 2]
Pair: [291 292]
0:Hard transition, 1:grad transition, 2:slide, 3:video: [0]
0:Transition, 1:slide, 2:video: [0]
Pair: [310 311]
0:Hard transition, 1:grad transition, 2:slide, 3:video: [0]
0:Transition, 1:slide, 2:video: [2]
Pair: [324 325]
0:Hard transition, 1:grad transition, 2:slide, 3:video: [0]
0:Transition, 1:slide, 2:video: [2]
Pair: [330 337]
0:Hard transition, 1:grad transition, 2:slide, 3:video: [3 0 0]
0:Transition, 1:slide, 2:video: [2 0 2]
Pair: [340 351]
0:Hard transition, 1:grad transition, 2:slide, 3:video: [0 3 0]
0:Transition, 1:slide, 2:video: [0 2 2]
Pair: [364 374]
0:Hard transition, 1:grad transition, 2:slide, 3:video: [0 3 0]
0:Transition, 1:slide, 2:video: [0 2 0]
Pair: [432 438]
0:Hard transition, 1:grad transition, 2:slide, 3:video: [0 0 0]
0:Transition, 1:slide, 2:video: [2 0 2]
Pair: [461 462]
0:Hard transition, 1:grad transition, 2:slide, 3:video: [0]
0:Transition, 1:slide, 2:video: [0]
Pair: [490 491]
0:Hard transition, 1:grad transition, 2:slide, 3:video: [0]
0:Transition, 1:slide, 2:video: [2]
Pair: [506 513]
0:Hard transition, 1:grad transition, 2:slide, 3:video: [3 0 0]
0:Transition, 1:slide, 2:video: [2 0 0]
Pair: [526 534]
0:Hard transition, 1:grad transition, 2:slide, 3:video: [3 0 0]
0:Transition, 1:slide, 2:video: [2 0 0]
Pair: [578 579]
0:Hard transition, 1:grad transition, 2:slide, 3:video: [0]
0:Transition, 1:slide, 2:video: [0]
Pair: [591 593]
0:Hard transition, 1:grad transition, 2:slide, 3:video: [0 0 0]
0:Transition, 1:slide, 2:video: [2 2 2]
Pair: [689 697]
0:Hard transition, 1:grad transition, 2:slide, 3:video: [3 0 0]
0:Transition, 1:slide, 2:video: [2 0 0]
Pair: [803 814]
0:Hard transition, 1:grad transition, 2:slide, 3:video: [0 3 0]
0:Transition, 1:slide, 2:video: [0 2 2]
Pair: [845 856]
0:Hard transition, 1:grad transition, 2:slide, 3:video: [0 3 0]
0:Transition, 1:slide, 2:video: [0 2 2]
Pair: [885 886]
0:Hard transition, 1:grad transition, 2:slide, 3:video: [2]
0:Transition, 1:slide, 2:video: [2]
Pair: [889 890]
0:Hard transition, 1:grad transition, 2:slide, 3:video: [2]
0:Transition, 1:slide, 2:video: [2]
Pair: [936 944]
0:Hard transition, 1:grad transition, 2:slide, 3:video: [3 0 0]
0:Transition, 1:slide, 2:video: [2 0 2]
Pair: [970 983]
0:Hard transition, 1:grad transition, 2:slide, 3:video: [0 3 0 3]
0:Transition, 1:slide, 2:video: [0 2 2 2]
Pair: [1017 1019]
0:Hard transition, 1:grad transition, 2:slide, 3:video: [2 2 2]
0:Transition, 1:slide, 2:video: [2 2 2]
Pair: [1138 1149]
0:Hard transition, 1:grad transition, 2:slide, 3:video: [0 3 0]
0:Transition, 1:slide, 2:video: [0 2 2]
Pair: [1300 1301]
0:Hard transition, 1:grad transition, 2:slide, 3:video: [0]
0:Transition, 1:slide, 2:video: [0]
Pair: [1351 1352]
0:Hard transition, 1:grad transition, 2:slide, 3:video: [0]
0:Transition, 1:slide, 2:video: [2]
Pair: [1369 1370]
0:Hard transition, 1:grad transition, 2:slide, 3:video: [0]
0:Transition, 1:slide, 2:video: [0]
Pair: [1384 1385]
0:Hard transition, 1:grad transition, 2:slide, 3:video: [0]
0:Transition, 1:slide, 2:video: [2]
Pair: [1442 1443]
0:Hard transition, 1:grad transition, 2:slide, 3:video: [0]
0:Transition, 1:slide, 2:video: [0]
Pair: [1469 1470]
0:Hard transition, 1:grad transition, 2:slide, 3:video: [0]
0:Transition, 1:slide, 2:video: [2]
Pair: [1546 1554]
0:Hard transition, 1:grad transition, 2:slide, 3:video: [0 0 3]
0:Transition, 1:slide, 2:video: [2 0 2]
Pair: [1614 1615]
0:Hard transition, 1:grad transition, 2:slide, 3:video: [0]
0:Transition, 1:slide, 2:video: [0]
Pair: [1631 1633]
0:Hard transition, 1:grad transition, 2:slide, 3:video: [0 0 0]
0:Transition, 1:slide, 2:video: [2 2 2]
Pair: [1650 1651]
0:Hard transition, 1:grad transition, 2:slide, 3:video: [0]
0:Transition, 1:slide, 2:video: [0]
Pair: [1664 1665]
0:Hard transition, 1:grad transition, 2:slide, 3:video: [0]
0:Transition, 1:slide, 2:video: [2]
Pair: [1672 1681]
0:Hard transition, 1:grad transition, 2:slide, 3:video: [0 3 0]
0:Transition, 1:slide, 2:video: [0 2 2]
Pair: [1696 1697]
0:Hard transition, 1:grad transition, 2:slide, 3:video: [0]
0:Transition, 1:slide, 2:video: [0]
Pair: [1731 1732]
0:Hard transition, 1:grad transition, 2:slide, 3:video: [0]
0:Transition, 1:slide, 2:video: [2]
Pair: [2112 2113]
0:Hard transition, 1:grad transition, 2:slide, 3:video: [0]
0:Transition, 1:slide, 2:video: [0]
Pair: [2134 2135]
0:Hard transition, 1:grad transition, 2:slide, 3:video: [0]
0:Transition, 1:slide, 2:video: [0]
Pair: [20 22]
0:Hard transition, 1:grad transition, 2:slide, 3:video: [0 0 0]
0:Transition, 1:slide, 2:video: [0 0 0]
Pair: [47 48]
0:Hard transition, 1:grad transition, 2:slide, 3:video: [0]
0:Transition, 1:slide, 2:video: [0]
Pair: [60 61]
0:Hard transition, 1:grad transition, 2:slide, 3:video: [0]
0:Transition, 1:slide, 2:video: [0]
Pair: [69 70]
0:Hard transition, 1:grad transition, 2:slide, 3:video: [0]
0:Transition, 1:slide, 2:video: [2]
Pair: [149 160]
0:Hard transition, 1:grad transition, 2:slide, 3:video: [0 2 0]
0:Transition, 1:slide, 2:video: [0 2 0]
Pair: [177 178]
0:Hard transition, 1:grad transition, 2:slide, 3:video: [0]
0:Transition, 1:slide, 2:video: [0]
Pair: [189 191]
0:Hard transition, 1:grad transition, 2:slide, 3:video: [0 0 1]
0:Transition, 1:slide, 2:video: [2 0 2]
Pair: [226 227]
0:Hard transition, 1:grad transition, 2:slide, 3:video: [0]
0:Transition, 1:slide, 2:video: [0]
Pair: [284 285]
0:Hard transition, 1:grad transition, 2:slide, 3:video: [0]
0:Transition, 1:slide, 2:video: [0]
Pair: [311 312]
0:Hard transition, 1:grad transition, 2:slide, 3:video: [0]
0:Transition, 1:slide, 2:video: [0]
Pair: [334 335]
0:Hard transition, 1:grad transition, 2:slide, 3:video: [0]
0:Transition, 1:slide, 2:video: [0]
Pair: [20 22]
0:Hard transition, 1:grad transition, 2:slide, 3:video: [0 0 0]
0:Transition, 1:slide, 2:video: [0 0 0]
Pair: [47 48]
0:Hard transition, 1:grad transition, 2:slide, 3:video: [0]
0:Transition, 1:slide, 2:video: [0]
Pair: [60 61]
0:Hard transition, 1:grad transition, 2:slide, 3:video: [0]
0:Transition, 1:slide, 2:video: [0]
Pair: [69 70]
0:Hard transition, 1:grad transition, 2:slide, 3:video: [0]
0:Transition, 1:slide, 2:video: [2]
Pair: [149 160]
0:Hard transition, 1:grad transition, 2:slide, 3:video: [0 2 0]
0:Transition, 1:slide, 2:video: [0 2 0]
Pair: [177 178]
0:Hard transition, 1:grad transition, 2:slide, 3:video: [0]
0:Transition, 1:slide, 2:video: [0]
Pair: [189 191]
0:Hard transition, 1:grad transition, 2:slide, 3:video: [0 0 1]
0:Transition, 1:slide, 2:video: [2 0 2]
Pair: [226 227]
0:Hard transition, 1:grad transition, 2:slide, 3:video: [0]
0:Transition, 1:slide, 2:video: [0]
Pair: [284 285]
0:Hard transition, 1:grad transition, 2:slide, 3:video: [0]
0:Transition, 1:slide, 2:video: [0]
Pair: [311 312]
0:Hard transition, 1:grad transition, 2:slide, 3:video: [0]
0:Transition, 1:slide, 2:video: [0]
Pair: [334 335]
0:Hard transition, 1:grad transition, 2:slide, 3:video: [0]
0:Transition, 1:slide, 2:video: [0]
Pair: [20 22]
0:Hard transition, 1:grad transition, 2:slide, 3:video: [0 0 0]
0:Transition, 1:slide, 2:video: [0 0 0]
Pair: [47 48]
0:Hard transition, 1:grad transition, 2:slide, 3:video: [0]
0:Transition, 1:slide, 2:video: [0]
Pair: [60 61]
0:Hard transition, 1:grad transition, 2:slide, 3:video: [0]
0:Transition, 1:slide, 2:video: [0]
Pair: [69 70]
0:Hard transition, 1:grad transition, 2:slide, 3:video: [0]
0:Transition, 1:slide, 2:video: [2]
Pair: [149 160]
0:Hard transition, 1:grad transition, 2:slide, 3:video: [0 2 0]
0:Transition, 1:slide, 2:video: [0 2 0]
Pair: [177 178]
0:Hard transition, 1:grad transition, 2:slide, 3:video: [0]
0:Transition, 1:slide, 2:video: [0]
Pair: [189 191]
0:Hard transition, 1:grad transition, 2:slide, 3:video: [0 0 1]
0:Transition, 1:slide, 2:video: [2 0 2]
Pair: [226 227]
0:Hard transition, 1:grad transition, 2:slide, 3:video: [0]
0:Transition, 1:slide, 2:video: [0]
Pair: [284 285]
0:Hard transition, 1:grad transition, 2:slide, 3:video: [0]
0:Transition, 1:slide, 2:video: [0]
Pair: [311 312]
0:Hard transition, 1:grad transition, 2:slide, 3:video: [0]
0:Transition, 1:slide, 2:video: [0]
Pair: [334 335]
0:Hard transition, 1:grad transition, 2:slide, 3:video: [0]
0:Transition, 1:slide, 2:video: [0]
Pair: [11 18]
0:Hard transition, 1:grad transition, 2:slide, 3:video: [0 0 0]
0:Transition, 1:slide, 2:video: [0 0 0]
Pair: [23 26]
0:Hard transition, 1:grad transition, 2:slide, 3:video: [0 0 0]
0:Transition, 1:slide, 2:video: [2 2 0]
Pair: [29 31]
0:Hard transition, 1:grad transition, 2:slide, 3:video: [0 0 0]
0:Transition, 1:slide, 2:video: [2 2 2]
Pair: [45 46]
0:Hard transition, 1:grad transition, 2:slide, 3:video: [0]
0:Transition, 1:slide, 2:video: [1]
Pair: [50 52]
0:Hard transition, 1:grad transition, 2:slide, 3:video: [2 2 0]
0:Transition, 1:slide, 2:video: [1 1 1]
Pair: [ 99 103]
0:Hard transition, 1:grad transition, 2:slide, 3:video: [0 0 0]
0:Transition, 1:slide, 2:video: [2 0 0]
Pair: [154 156]
0:Hard transition, 1:grad transition, 2:slide, 3:video: [0 0 0]
0:Transition, 1:slide, 2:video: [0 0 0]
